<?xml version="1.0" encoding="UTF-8"?>
<!-- Generated by org.testng.reporters.JUnitXMLReporter -->
<testsuite ignored="0" hostname="Pradeepkulal-PC" failures="13" tests="13" name="Sign Up Test" time="168.99" errors="0" timestamp="2024-08-20T11:15:24 IST">
  <testcase classname="org.intuitiveapps.Kycee.Tests.SignUpPageTest" name="SignUpAsBusiessAdminWithValidData" time="14.915">
    <failure type="org.openqa.selenium.interactions.MoveTargetOutOfBoundsException" message="move target out of bounds
  (Session info: chrome=127.0.6533.100)
Build info: version: &amp;apos;4.11.0&amp;apos;, revision: &amp;apos;040bc5406b&amp;apos;
System info: os.name: &amp;apos;Windows 11&amp;apos;, os.arch: &amp;apos;amd64&amp;apos;, os.version: &amp;apos;10.0&amp;apos;, java.version: &amp;apos;17.0.10&amp;apos;
Driver info: org.openqa.selenium.chrome.ChromeDriver
Command: [8f0ce763d429fb1c035dd58ba472d2ca, actions {actions=[org.openqa.selenium.interactions.Sequence@14f5b38f]}]
Capabilities {acceptInsecureCerts: false, browserName: chrome, browserVersion: 127.0.6533.100, chrome: {chromedriverVersion: 127.0.6533.119 (bdef6783a05..., userDataDir: C:\Users\INTUIT~1\AppData\L...}, fedcm:accounts: true, goog:chromeOptions: {debuggerAddress: localhost:57184}, networkConnectionEnabled: false, pageLoadStrategy: normal, platformName: windows, proxy: Proxy(), se:cdp: ws://localhost:57184/devtoo..., se:cdpVersion: 127.0.6533.100, setWindowRect: true, strictFileInteractability: false, timeouts: {implicit: 0, pageLoad: 300000, script: 30000}, unhandledPromptBehavior: dismiss and notify, webauthn:extension:credBlob: true, webauthn:extension:largeBlob: true, webauthn:extension:minPinLength: true, webauthn:extension:prf: true, webauthn:virtualAuthenticators: true}
Session ID: 8f0ce763d429fb1c035dd58ba472d2ca">
      <![CDATA[org.openqa.selenium.interactions.MoveTargetOutOfBoundsException: move target out of bounds
  (Session info: chrome=127.0.6533.100)
Build info: version: '4.11.0', revision: '040bc5406b'
System info: os.name: 'Windows 11', os.arch: 'amd64', os.version: '10.0', java.version: '17.0.10'
Driver info: org.openqa.selenium.chrome.ChromeDriver
Command: [8f0ce763d429fb1c035dd58ba472d2ca, actions {actions=[org.openqa.selenium.interactions.Sequence@14f5b38f]}]
Capabilities {acceptInsecureCerts: false, browserName: chrome, browserVersion: 127.0.6533.100, chrome: {chromedriverVersion: 127.0.6533.119 (bdef6783a05..., userDataDir: C:\Users\INTUIT~1\AppData\L...}, fedcm:accounts: true, goog:chromeOptions: {debuggerAddress: localhost:57184}, networkConnectionEnabled: false, pageLoadStrategy: normal, platformName: windows, proxy: Proxy(), se:cdp: ws://localhost:57184/devtoo..., se:cdpVersion: 127.0.6533.100, setWindowRect: true, strictFileInteractability: false, timeouts: {implicit: 0, pageLoad: 300000, script: 30000}, unhandledPromptBehavior: dismiss and notify, webauthn:extension:credBlob: true, webauthn:extension:largeBlob: true, webauthn:extension:minPinLength: true, webauthn:extension:prf: true, webauthn:virtualAuthenticators: true}
Session ID: 8f0ce763d429fb1c035dd58ba472d2ca
at org.openqa.selenium.remote.codec.w3c.W3CHttpResponseCodec.createException(W3CHttpResponseCodec.java:200)
at org.openqa.selenium.remote.codec.w3c.W3CHttpResponseCodec.decode(W3CHttpResponseCodec.java:133)
at org.openqa.selenium.remote.codec.w3c.W3CHttpResponseCodec.decode(W3CHttpResponseCodec.java:52)
at org.openqa.selenium.remote.HttpCommandExecutor.execute(HttpCommandExecutor.java:191)
at org.openqa.selenium.remote.service.DriverCommandExecutor.invokeExecute(DriverCommandExecutor.java:196)
at org.openqa.selenium.remote.service.DriverCommandExecutor.execute(DriverCommandExecutor.java:171)
at org.openqa.selenium.remote.RemoteWebDriver.execute(RemoteWebDriver.java:518)
at org.openqa.selenium.remote.RemoteWebDriver.perform(RemoteWebDriver.java:604)
at org.openqa.selenium.interactions.Actions$BuiltAction.perform(Actions.java:605)
at org.intuitiveapps.Kycee.AbstractComponents.AbstractComponents.moveCursorToWebElement(AbstractComponents.java:95)
at org.intuitiveapps.Kycee.AbstractComponents.AbstractComponents.verifyTextOfthWebEement(AbstractComponents.java:338)
at org.intuitiveapps.Kycee.Tests.SignUpPageTest.SignUpAsBusiessAdminWithValidData(SignUpPageTest.java:26)
at java.base/java.util.ArrayList.forEach(ArrayList.java:1511)
at java.base/java.util.concurrent.FutureTask.run(FutureTask.java:264)
at java.base/java.util.concurrent.ThreadPoolExecutor.runWorker(ThreadPoolExecutor.java:1136)
at java.base/java.util.concurrent.ThreadPoolExecutor$Worker.run(ThreadPoolExecutor.java:635)
at java.base/java.lang.Thread.run(Thread.java:842)
... Removed 22 stack frames]]>
    </failure>
  </testcase> <!-- SignUpAsBusiessAdminWithValidData -->
  <testcase classname="org.intuitiveapps.Kycee.Tests.SignUpPageTest" name="SignUpAsBusiessAdminWithoutCIN" time="4.308">
    <failure type="java.lang.AssertionError" message="expected [New account created.] but found [[[ChromeDriver: chrome on windows (3346acf59b7b173f96af0542cbe7c0fc)] -&amp;gt; xpath: //div[contains(@class,&amp;apos;Toastify__toast &amp;apos;)]]]">
      <![CDATA[java.lang.AssertionError: expected [New account created.] but found [[[ChromeDriver: chrome on windows (3346acf59b7b173f96af0542cbe7c0fc)] -> xpath: //div[contains(@class,'Toastify__toast ')]]]
at org.intuitiveapps.Kycee.Tests.SignUpPageTest.SignUpAsBusiessAdminWithoutCIN(SignUpPageTest.java:125)
at java.base/java.util.ArrayList.forEach(ArrayList.java:1511)
at java.base/java.util.concurrent.FutureTask.run(FutureTask.java:264)
at java.base/java.util.concurrent.ThreadPoolExecutor.runWorker(ThreadPoolExecutor.java:1136)
at java.base/java.util.concurrent.ThreadPoolExecutor$Worker.run(ThreadPoolExecutor.java:635)
at java.base/java.lang.Thread.run(Thread.java:842)
... Removed 22 stack frames]]>
    </failure>
  </testcase> <!-- SignUpAsBusiessAdminWithoutCIN -->
  <testcase classname="org.intuitiveapps.Kycee.Tests.SignUpPageTest" name="SignUpAsBusiessAdminWithoutCompanyName" time="2.028">
    <failure type="java.lang.AssertionError" message="expected [Please enter a valid company name.] but found [[[ChromeDriver: chrome on windows (e8cd13798f8387e4c398f15ab8a6eba4)] -&amp;gt; class name: tooltip-customize]]">
      <![CDATA[java.lang.AssertionError: expected [Please enter a valid company name.] but found [[[ChromeDriver: chrome on windows (e8cd13798f8387e4c398f15ab8a6eba4)] -> class name: tooltip-customize]]
at org.intuitiveapps.Kycee.Tests.SignUpPageTest.SignUpAsBusiessAdminWithoutCompanyName(SignUpPageTest.java:116)
at java.base/java.util.ArrayList.forEach(ArrayList.java:1511)
at java.base/java.util.concurrent.FutureTask.run(FutureTask.java:264)
at java.base/java.util.concurrent.ThreadPoolExecutor.runWorker(ThreadPoolExecutor.java:1136)
at java.base/java.util.concurrent.ThreadPoolExecutor$Worker.run(ThreadPoolExecutor.java:635)
at java.base/java.lang.Thread.run(Thread.java:842)
... Removed 22 stack frames]]>
    </failure>
  </testcase> <!-- SignUpAsBusiessAdminWithoutCompanyName -->
  <testcase classname="org.intuitiveapps.Kycee.Tests.SignUpPageTest" name="SignUpAsBusiessAdminWithoutGSTIN" time="14.879">
    <failure type="org.openqa.selenium.NoSuchElementException" message="no such element: element not found
  (Session info: chrome=127.0.6533.100)
For documentation on this error, please visit: https://www.selenium.dev/documentation/webdriver/troubleshooting/errors#no-such-element-exception
Build info: version: &amp;apos;4.11.0&amp;apos;, revision: &amp;apos;040bc5406b&amp;apos;
System info: os.name: &amp;apos;Windows 11&amp;apos;, os.arch: &amp;apos;amd64&amp;apos;, os.version: &amp;apos;10.0&amp;apos;, java.version: &amp;apos;17.0.10&amp;apos;
Driver info: org.openqa.selenium.chrome.ChromeDriver
Command: [994ef725a98ffa85d549b60e9bf4ba7b, actions {actions=[org.openqa.selenium.interactions.Sequence@3cf09444]}]
Capabilities {acceptInsecureCerts: false, browserName: chrome, browserVersion: 127.0.6533.100, chrome: {chromedriverVersion: 127.0.6533.119 (bdef6783a05..., userDataDir: C:\Users\INTUIT~1\AppData\L...}, fedcm:accounts: true, goog:chromeOptions: {debuggerAddress: localhost:57401}, networkConnectionEnabled: false, pageLoadStrategy: normal, platformName: windows, proxy: Proxy(), se:cdp: ws://localhost:57401/devtoo..., se:cdpVersion: 127.0.6533.100, setWindowRect: true, strictFileInteractability: false, timeouts: {implicit: 0, pageLoad: 300000, script: 30000}, unhandledPromptBehavior: dismiss and notify, webauthn:extension:credBlob: true, webauthn:extension:largeBlob: true, webauthn:extension:minPinLength: true, webauthn:extension:prf: true, webauthn:virtualAuthenticators: true}
Session ID: 994ef725a98ffa85d549b60e9bf4ba7b">
      <![CDATA[org.openqa.selenium.NoSuchElementException: no such element: element not found
  (Session info: chrome=127.0.6533.100)
For documentation on this error, please visit: https://www.selenium.dev/documentation/webdriver/troubleshooting/errors#no-such-element-exception
Build info: version: '4.11.0', revision: '040bc5406b'
System info: os.name: 'Windows 11', os.arch: 'amd64', os.version: '10.0', java.version: '17.0.10'
Driver info: org.openqa.selenium.chrome.ChromeDriver
Command: [994ef725a98ffa85d549b60e9bf4ba7b, actions {actions=[org.openqa.selenium.interactions.Sequence@3cf09444]}]
Capabilities {acceptInsecureCerts: false, browserName: chrome, browserVersion: 127.0.6533.100, chrome: {chromedriverVersion: 127.0.6533.119 (bdef6783a05..., userDataDir: C:\Users\INTUIT~1\AppData\L...}, fedcm:accounts: true, goog:chromeOptions: {debuggerAddress: localhost:57401}, networkConnectionEnabled: false, pageLoadStrategy: normal, platformName: windows, proxy: Proxy(), se:cdp: ws://localhost:57401/devtoo..., se:cdpVersion: 127.0.6533.100, setWindowRect: true, strictFileInteractability: false, timeouts: {implicit: 0, pageLoad: 300000, script: 30000}, unhandledPromptBehavior: dismiss and notify, webauthn:extension:credBlob: true, webauthn:extension:largeBlob: true, webauthn:extension:minPinLength: true, webauthn:extension:prf: true, webauthn:virtualAuthenticators: true}
Session ID: 994ef725a98ffa85d549b60e9bf4ba7b
at org.openqa.selenium.remote.codec.w3c.W3CHttpResponseCodec.createException(W3CHttpResponseCodec.java:200)
at org.openqa.selenium.remote.codec.w3c.W3CHttpResponseCodec.decode(W3CHttpResponseCodec.java:133)
at org.openqa.selenium.remote.codec.w3c.W3CHttpResponseCodec.decode(W3CHttpResponseCodec.java:52)
at org.openqa.selenium.remote.HttpCommandExecutor.execute(HttpCommandExecutor.java:191)
at org.openqa.selenium.remote.service.DriverCommandExecutor.invokeExecute(DriverCommandExecutor.java:196)
at org.openqa.selenium.remote.service.DriverCommandExecutor.execute(DriverCommandExecutor.java:171)
at org.openqa.selenium.remote.RemoteWebDriver.execute(RemoteWebDriver.java:518)
at org.openqa.selenium.remote.RemoteWebDriver.perform(RemoteWebDriver.java:604)
at org.openqa.selenium.interactions.Actions$BuiltAction.perform(Actions.java:605)
at org.intuitiveapps.Kycee.AbstractComponents.AbstractComponents.moveCursorToWebElement(AbstractComponents.java:95)
at org.intuitiveapps.Kycee.AbstractComponents.AbstractComponents.verifyTextOfthWebEement(AbstractComponents.java:338)
at org.intuitiveapps.Kycee.Tests.SignUpPageTest.SignUpAsBusiessAdminWithoutGSTIN(SignUpPageTest.java:142)
at java.base/java.util.ArrayList.forEach(ArrayList.java:1511)
at java.base/java.util.concurrent.FutureTask.run(FutureTask.java:264)
at java.base/java.util.concurrent.ThreadPoolExecutor.runWorker(ThreadPoolExecutor.java:1136)
at java.base/java.util.concurrent.ThreadPoolExecutor$Worker.run(ThreadPoolExecutor.java:635)
at java.base/java.lang.Thread.run(Thread.java:842)
... Removed 22 stack frames]]>
    </failure>
  </testcase> <!-- SignUpAsBusiessAdminWithoutGSTIN -->
  <testcase classname="org.intuitiveapps.Kycee.Tests.SignUpPageTest" name="SignUpWithInvalidEmail1" time="1.492">
    <failure type="java.lang.AssertionError" message="expected [Kindly enter a valid email address.] but found [[[ChromeDriver: chrome on windows (7cb428f3ca40c298e00245ae2cfc68ff)] -&amp;gt; class name: tooltip-customize]]">
      <![CDATA[java.lang.AssertionError: expected [Kindly enter a valid email address.] but found [[[ChromeDriver: chrome on windows (7cb428f3ca40c298e00245ae2cfc68ff)] -> class name: tooltip-customize]]
at org.intuitiveapps.Kycee.Tests.SignUpPageTest.SignUpWithInvalidEmail1(SignUpPageTest.java:75)
at java.base/java.util.ArrayList.forEach(ArrayList.java:1511)
at java.base/java.util.concurrent.FutureTask.run(FutureTask.java:264)
at java.base/java.util.concurrent.ThreadPoolExecutor.runWorker(ThreadPoolExecutor.java:1136)
at java.base/java.util.concurrent.ThreadPoolExecutor$Worker.run(ThreadPoolExecutor.java:635)
at java.base/java.lang.Thread.run(Thread.java:842)
... Removed 22 stack frames]]>
    </failure>
  </testcase> <!-- SignUpWithInvalidEmail1 -->
  <testcase classname="org.intuitiveapps.Kycee.Tests.SignUpPageTest" name="SignUpWithInvalidEmail12" time="2.004">
    <failure type="java.lang.AssertionError" message="expected [Kindly enter a valid email address.] but found [[[ChromeDriver: chrome on windows (476c01e410e6cb1064ee6e46e011e30b)] -&amp;gt; class name: tooltip-customize]]">
      <![CDATA[java.lang.AssertionError: expected [Kindly enter a valid email address.] but found [[[ChromeDriver: chrome on windows (476c01e410e6cb1064ee6e46e011e30b)] -> class name: tooltip-customize]]
at org.intuitiveapps.Kycee.Tests.SignUpPageTest.SignUpWithInvalidEmail12(SignUpPageTest.java:83)
at java.base/java.util.ArrayList.forEach(ArrayList.java:1511)
at java.base/java.util.concurrent.FutureTask.run(FutureTask.java:264)
at java.base/java.util.concurrent.ThreadPoolExecutor.runWorker(ThreadPoolExecutor.java:1136)
at java.base/java.util.concurrent.ThreadPoolExecutor$Worker.run(ThreadPoolExecutor.java:635)
at java.base/java.lang.Thread.run(Thread.java:842)
... Removed 22 stack frames]]>
    </failure>
  </testcase> <!-- SignUpWithInvalidEmail12 -->
  <testcase classname="org.intuitiveapps.Kycee.Tests.SignUpPageTest" name="SignUpWithPhoneNumberLessThenTenDigits" time="1.812">
    <failure type="java.lang.AssertionError" message="expected [Please enter a valid phone number.] but found [[[ChromeDriver: chrome on windows (77757f35c7043ebfb2ab9c39ca52db5d)] -&amp;gt; class name: tooltip-customize]]">
      <![CDATA[java.lang.AssertionError: expected [Please enter a valid phone number.] but found [[[ChromeDriver: chrome on windows (77757f35c7043ebfb2ab9c39ca52db5d)] -> class name: tooltip-customize]]
at org.intuitiveapps.Kycee.Tests.SignUpPageTest.SignUpWithPhoneNumberLessThenTenDigits(SignUpPageTest.java:91)
at java.base/java.util.ArrayList.forEach(ArrayList.java:1511)
at java.base/java.util.concurrent.FutureTask.run(FutureTask.java:264)
at java.base/java.util.concurrent.ThreadPoolExecutor.runWorker(ThreadPoolExecutor.java:1136)
at java.base/java.util.concurrent.ThreadPoolExecutor$Worker.run(ThreadPoolExecutor.java:635)
at java.base/java.lang.Thread.run(Thread.java:842)
... Removed 22 stack frames]]>
    </failure>
  </testcase> <!-- SignUpWithPhoneNumberLessThenTenDigits -->
  <testcase classname="org.intuitiveapps.Kycee.Tests.SignUpPageTest" name="SignUpWithoutConfirmPassword" time="1.446">
    <failure type="java.lang.AssertionError" message="expected [Please confirm your password and ensure it matches the original.] but found [[[ChromeDriver: chrome on windows (f0e1dfe6ac61ae7b8b753f614bdabc48)] -&amp;gt; class name: tooltip-customize]]">
      <![CDATA[java.lang.AssertionError: expected [Please confirm your password and ensure it matches the original.] but found [[[ChromeDriver: chrome on windows (f0e1dfe6ac61ae7b8b753f614bdabc48)] -> class name: tooltip-customize]]
at org.intuitiveapps.Kycee.Tests.SignUpPageTest.SignUpWithoutConfirmPassword(SignUpPageTest.java:107)
at java.base/java.util.ArrayList.forEach(ArrayList.java:1511)
at java.base/java.util.concurrent.FutureTask.run(FutureTask.java:264)
at java.base/java.util.concurrent.ThreadPoolExecutor.runWorker(ThreadPoolExecutor.java:1136)
at java.base/java.util.concurrent.ThreadPoolExecutor$Worker.run(ThreadPoolExecutor.java:635)
at java.base/java.lang.Thread.run(Thread.java:842)
... Removed 22 stack frames]]>
    </failure>
  </testcase> <!-- SignUpWithoutConfirmPassword -->
  <testcase classname="org.intuitiveapps.Kycee.Tests.SignUpPageTest" name="SignUpWithoutEmail" time="1.448">
    <failure type="java.lang.AssertionError" message="expected [Kindly enter a valid email address.] but found [[[ChromeDriver: chrome on windows (38b9fd1076b764dccc1fcbe5d3ad55e6)] -&amp;gt; class name: tooltip-customize]]">
      <![CDATA[java.lang.AssertionError: expected [Kindly enter a valid email address.] but found [[[ChromeDriver: chrome on windows (38b9fd1076b764dccc1fcbe5d3ad55e6)] -> class name: tooltip-customize]]
at org.intuitiveapps.Kycee.Tests.SignUpPageTest.SignUpWithoutEmail(SignUpPageTest.java:67)
at java.base/java.util.ArrayList.forEach(ArrayList.java:1511)
at java.base/java.util.concurrent.FutureTask.run(FutureTask.java:264)
at java.base/java.util.concurrent.ThreadPoolExecutor.runWorker(ThreadPoolExecutor.java:1136)
at java.base/java.util.concurrent.ThreadPoolExecutor$Worker.run(ThreadPoolExecutor.java:635)
at java.base/java.lang.Thread.run(Thread.java:842)
... Removed 22 stack frames]]>
    </failure>
  </testcase> <!-- SignUpWithoutEmail -->
  <testcase classname="org.intuitiveapps.Kycee.Tests.SignUpPageTest" name="SignUpWithoutFirstName" time="1.479">
    <failure type="java.lang.AssertionError" message="expected [Please enter a valid first name.] but found [[[ChromeDriver: chrome on windows (1c98c3ecb432883da1354f33dce03e5e)] -&amp;gt; class name: tooltip-customize]]">
      <![CDATA[java.lang.AssertionError: expected [Please enter a valid first name.] but found [[[ChromeDriver: chrome on windows (1c98c3ecb432883da1354f33dce03e5e)] -> class name: tooltip-customize]]
at org.intuitiveapps.Kycee.Tests.SignUpPageTest.SignUpWithoutFirstName(SignUpPageTest.java:51)
at java.base/java.util.ArrayList.forEach(ArrayList.java:1511)
at java.base/java.util.concurrent.FutureTask.run(FutureTask.java:264)
at java.base/java.util.concurrent.ThreadPoolExecutor.runWorker(ThreadPoolExecutor.java:1136)
at java.base/java.util.concurrent.ThreadPoolExecutor$Worker.run(ThreadPoolExecutor.java:635)
at java.base/java.lang.Thread.run(Thread.java:842)
... Removed 22 stack frames]]>
    </failure>
  </testcase> <!-- SignUpWithoutFirstName -->
  <testcase classname="org.intuitiveapps.Kycee.Tests.SignUpPageTest" name="SignUpWithoutLastName" time="1.745">
    <failure type="java.lang.AssertionError" message="expected [Please enter a valid last name.] but found [[[ChromeDriver: chrome on windows (f9b07349a9e019d723229e6f0665c3be)] -&amp;gt; class name: tooltip-customize]]">
      <![CDATA[java.lang.AssertionError: expected [Please enter a valid last name.] but found [[[ChromeDriver: chrome on windows (f9b07349a9e019d723229e6f0665c3be)] -> class name: tooltip-customize]]
at org.intuitiveapps.Kycee.Tests.SignUpPageTest.SignUpWithoutLastName(SignUpPageTest.java:59)
at java.base/java.util.ArrayList.forEach(ArrayList.java:1511)
at java.base/java.util.concurrent.FutureTask.run(FutureTask.java:264)
at java.base/java.util.concurrent.ThreadPoolExecutor.runWorker(ThreadPoolExecutor.java:1136)
at java.base/java.util.concurrent.ThreadPoolExecutor$Worker.run(ThreadPoolExecutor.java:635)
at java.base/java.lang.Thread.run(Thread.java:842)
... Removed 22 stack frames]]>
    </failure>
  </testcase> <!-- SignUpWithoutLastName -->
  <testcase classname="org.intuitiveapps.Kycee.Tests.SignUpPageTest" name="SignUpWithoutPassword" time="2.046">
    <failure type="java.lang.AssertionError" message="expected [Please provide a valid password.] but found [[[ChromeDriver: chrome on windows (e3e4fe49748c23bfaeb017304e6b59f8)] -&amp;gt; class name: tooltip-customize]]">
      <![CDATA[java.lang.AssertionError: expected [Please provide a valid password.] but found [[[ChromeDriver: chrome on windows (e3e4fe49748c23bfaeb017304e6b59f8)] -> class name: tooltip-customize]]
at org.intuitiveapps.Kycee.Tests.SignUpPageTest.SignUpWithoutPassword(SignUpPageTest.java:99)
at java.base/java.util.ArrayList.forEach(ArrayList.java:1511)
at java.base/java.util.concurrent.FutureTask.run(FutureTask.java:264)
at java.base/java.util.concurrent.ThreadPoolExecutor.runWorker(ThreadPoolExecutor.java:1136)
at java.base/java.util.concurrent.ThreadPoolExecutor$Worker.run(ThreadPoolExecutor.java:635)
at java.base/java.lang.Thread.run(Thread.java:842)
... Removed 22 stack frames]]>
    </failure>
  </testcase> <!-- SignUpWithoutPassword -->
  <testcase classname="org.intuitiveapps.Kycee.Tests.SignUpPageTest" name="SignUpAsCustumerWithValidData" time="13.976">
    <failure type="org.openqa.selenium.interactions.MoveTargetOutOfBoundsException" message="move target out of bounds
  (Session info: chrome=127.0.6533.100)
Build info: version: &amp;apos;4.11.0&amp;apos;, revision: &amp;apos;040bc5406b&amp;apos;
System info: os.name: &amp;apos;Windows 11&amp;apos;, os.arch: &amp;apos;amd64&amp;apos;, os.version: &amp;apos;10.0&amp;apos;, java.version: &amp;apos;17.0.10&amp;apos;
Driver info: org.openqa.selenium.chrome.ChromeDriver
Command: [81d9c3ec083335e96bb1008f2b6bc4a8, actions {actions=[org.openqa.selenium.interactions.Sequence@2acf4112]}]
Capabilities {acceptInsecureCerts: false, browserName: chrome, browserVersion: 127.0.6533.100, chrome: {chromedriverVersion: 127.0.6533.119 (bdef6783a05..., userDataDir: C:\Users\INTUIT~1\AppData\L...}, fedcm:accounts: true, goog:chromeOptions: {debuggerAddress: localhost:57711}, networkConnectionEnabled: false, pageLoadStrategy: normal, platformName: windows, proxy: Proxy(), se:cdp: ws://localhost:57711/devtoo..., se:cdpVersion: 127.0.6533.100, setWindowRect: true, strictFileInteractability: false, timeouts: {implicit: 0, pageLoad: 300000, script: 30000}, unhandledPromptBehavior: dismiss and notify, webauthn:extension:credBlob: true, webauthn:extension:largeBlob: true, webauthn:extension:minPinLength: true, webauthn:extension:prf: true, webauthn:virtualAuthenticators: true}
Session ID: 81d9c3ec083335e96bb1008f2b6bc4a8">
      <![CDATA[org.openqa.selenium.interactions.MoveTargetOutOfBoundsException: move target out of bounds
  (Session info: chrome=127.0.6533.100)
Build info: version: '4.11.0', revision: '040bc5406b'
System info: os.name: 'Windows 11', os.arch: 'amd64', os.version: '10.0', java.version: '17.0.10'
Driver info: org.openqa.selenium.chrome.ChromeDriver
Command: [81d9c3ec083335e96bb1008f2b6bc4a8, actions {actions=[org.openqa.selenium.interactions.Sequence@2acf4112]}]
Capabilities {acceptInsecureCerts: false, browserName: chrome, browserVersion: 127.0.6533.100, chrome: {chromedriverVersion: 127.0.6533.119 (bdef6783a05..., userDataDir: C:\Users\INTUIT~1\AppData\L...}, fedcm:accounts: true, goog:chromeOptions: {debuggerAddress: localhost:57711}, networkConnectionEnabled: false, pageLoadStrategy: normal, platformName: windows, proxy: Proxy(), se:cdp: ws://localhost:57711/devtoo..., se:cdpVersion: 127.0.6533.100, setWindowRect: true, strictFileInteractability: false, timeouts: {implicit: 0, pageLoad: 300000, script: 30000}, unhandledPromptBehavior: dismiss and notify, webauthn:extension:credBlob: true, webauthn:extension:largeBlob: true, webauthn:extension:minPinLength: true, webauthn:extension:prf: true, webauthn:virtualAuthenticators: true}
Session ID: 81d9c3ec083335e96bb1008f2b6bc4a8
at org.openqa.selenium.remote.codec.w3c.W3CHttpResponseCodec.createException(W3CHttpResponseCodec.java:200)
at org.openqa.selenium.remote.codec.w3c.W3CHttpResponseCodec.decode(W3CHttpResponseCodec.java:133)
at org.openqa.selenium.remote.codec.w3c.W3CHttpResponseCodec.decode(W3CHttpResponseCodec.java:52)
at org.openqa.selenium.remote.HttpCommandExecutor.execute(HttpCommandExecutor.java:191)
at org.openqa.selenium.remote.service.DriverCommandExecutor.invokeExecute(DriverCommandExecutor.java:196)
at org.openqa.selenium.remote.service.DriverCommandExecutor.execute(DriverCommandExecutor.java:171)
at org.openqa.selenium.remote.RemoteWebDriver.execute(RemoteWebDriver.java:518)
at org.openqa.selenium.remote.RemoteWebDriver.perform(RemoteWebDriver.java:604)
at org.openqa.selenium.interactions.Actions$BuiltAction.perform(Actions.java:605)
at org.intuitiveapps.Kycee.AbstractComponents.AbstractComponents.moveCursorToWebElement(AbstractComponents.java:95)
at org.intuitiveapps.Kycee.AbstractComponents.AbstractComponents.verifyTextOfthWebEement(AbstractComponents.java:338)
at org.intuitiveapps.Kycee.Tests.SignUpPageTest.SignUpAsCustumerWithValidData(SignUpPageTest.java:41)
at java.base/java.util.ArrayList.forEach(ArrayList.java:1511)
at java.base/java.util.concurrent.FutureTask.run(FutureTask.java:264)
at java.base/java.util.concurrent.ThreadPoolExecutor.runWorker(ThreadPoolExecutor.java:1136)
at java.base/java.util.concurrent.ThreadPoolExecutor$Worker.run(ThreadPoolExecutor.java:635)
at java.base/java.lang.Thread.run(Thread.java:842)
... Removed 22 stack frames]]>
    </failure>
  </testcase> <!-- SignUpAsCustumerWithValidData -->
</testsuite> <!-- Sign Up Test -->
