<html>
<head>
<title>TestNG:  Test</title>
<link href="../testng.css" rel="stylesheet" type="text/css" />
<link href="../my-testng.css" rel="stylesheet" type="text/css" />

<style type="text/css">
.log { display: none;} 
.stack-trace { display: none;} 
</style>
<script type="text/javascript">
<!--
function flip(e) {
  current = e.style.display;
  if (current == 'block') {
    e.style.display = 'none';
    return 0;
  }
  else {
    e.style.display = 'block';
    return 1;
  }
}

function toggleBox(szDivId, elem, msg1, msg2)
{
  var res = -1;  if (document.getElementById) {
    res = flip(document.getElementById(szDivId));
  }
  else if (document.all) {
    // this is the way old msie versions work
    res = flip(document.all[szDivId]);
  }
  if(elem) {
    if(res == 0) elem.innerHTML = msg1; else elem.innerHTML = msg2;
  }

}

function toggleAllBoxes() {
  if (document.getElementsByTagName) {
    d = document.getElementsByTagName('div');
    for (i = 0; i < d.length; i++) {
      if (d[i].className == 'log') {
        flip(d[i]);
      }
    }
  }
}

// -->
</script>

</head>
<body>
<h2 align='center'>Test</h2><table border='1' align="center">
<tr>
<td>Tests passed/Failed/Skipped:</td><td>7/2/2</td>
</tr><tr>
<td>Started on:</td><td>Mon Aug 05 16:37:09 IST 2024</td>
</tr>
<tr><td>Total time:</td><td>712 seconds (712723 ms)</td>
</tr><tr>
<td>Included groups:</td><td></td>
</tr><tr>
<td>Excluded groups:</td><td></td>
</tr>
</table><p/>
<small><i>(Hover the method name to see the test class name)</i></small><p/>
<table width='100%' border='1' class='invocation-failed'>
<tr><td colspan='4' align='center'><b>FAILED TESTS</b></td></tr>
<tr><td><b>Test method</b></td>
<td><b>Attribute(s)</b></td>
<td width="30%"><b>Exception</b></td>
<td width="10%"><b>Time (seconds)</b></td>
<td><b>Instance</b></td>
</tr>
<tr>
<td title='org.intuitiveapps.Kycee.Tests.ChangePasswordTest.successfullyChangingPasswordAfterFifteenMinutes()'><b>successfullyChangingPasswordAfterFifteenMinutes</b><br>Test class: org.intuitiveapps.Kycee.Tests.ChangePasswordTest</td>
<td><div><pre>java.lang.AssertionError: expected [Password changed.] but found [Please wait 27 seconds before making another change password request.]
	at org.intuitiveapps.Kycee.Tests.ChangePasswordTest.successfullyChangingPasswordAfterFifteenMinutes(ChangePasswordTest.java:79)
	at java.base/java.util.ArrayList.forEach(ArrayList.java:1511)
... Removed 33 stack frames</pre></div><a href='#' onClick='toggleBox("stack-trace866416391", this, "Click to show all stack frames", "Click to hide stack frames")'>Click to show all stack frames</a>
<div class='stack-trace' id='stack-trace866416391'><pre>java.lang.AssertionError: expected [Password changed.] but found [Please wait 27 seconds before making another change password request.]
	at org.testng.Assert.fail(Assert.java:111)
	at org.testng.Assert.failNotEquals(Assert.java:1578)
	at org.testng.Assert.assertEqualsImpl(Assert.java:150)
	at org.testng.Assert.assertEquals(Assert.java:132)
	at org.testng.Assert.assertEquals(Assert.java:656)
	at org.testng.Assert.assertEquals(Assert.java:666)
	at org.intuitiveapps.Kycee.Tests.ChangePasswordTest.successfullyChangingPasswordAfterFifteenMinutes(ChangePasswordTest.java:79)
	at java.base/jdk.internal.reflect.NativeMethodAccessorImpl.invoke0(Native Method)
	at java.base/jdk.internal.reflect.NativeMethodAccessorImpl.invoke(NativeMethodAccessorImpl.java:77)
	at java.base/jdk.internal.reflect.DelegatingMethodAccessorImpl.invoke(DelegatingMethodAccessorImpl.java:43)
	at java.base/java.lang.reflect.Method.invoke(Method.java:568)
	at org.testng.internal.invokers.MethodInvocationHelper.invokeMethod(MethodInvocationHelper.java:139)
	at org.testng.internal.invokers.TestInvoker.invokeMethod(TestInvoker.java:664)
	at org.testng.internal.invokers.TestInvoker.invokeTestMethod(TestInvoker.java:228)
	at org.testng.internal.invokers.MethodRunner.runInSequence(MethodRunner.java:63)
	at org.testng.internal.invokers.TestInvoker$MethodInvocationAgent.invoke(TestInvoker.java:961)
	at org.testng.internal.invokers.TestInvoker.invokeTestMethods(TestInvoker.java:201)
	at org.testng.internal.invokers.TestMethodWorker.invokeTestMethods(TestMethodWorker.java:148)
	at org.testng.internal.invokers.TestMethodWorker.run(TestMethodWorker.java:128)
	at java.base/java.util.ArrayList.forEach(ArrayList.java:1511)
	at org.testng.TestRunner.privateRun(TestRunner.java:819)
	at org.testng.TestRunner.run(TestRunner.java:619)
	at org.testng.SuiteRunner.runTest(SuiteRunner.java:443)
	at org.testng.SuiteRunner.runSequentially(SuiteRunner.java:437)
	at org.testng.SuiteRunner.privateRun(SuiteRunner.java:397)
	at org.testng.SuiteRunner.run(SuiteRunner.java:336)
	at org.testng.SuiteRunnerWorker.runSuite(SuiteRunnerWorker.java:52)
	at org.testng.SuiteRunnerWorker.run(SuiteRunnerWorker.java:95)
	at org.testng.TestNG.runSuitesSequentially(TestNG.java:1301)
	at org.testng.TestNG.runSuitesLocally(TestNG.java:1228)
	at org.testng.TestNG.runSuites(TestNG.java:1134)
	at org.testng.TestNG.run(TestNG.java:1101)
	at org.testng.remote.AbstractRemoteTestNG.run(AbstractRemoteTestNG.java:115)
	at org.testng.remote.RemoteTestNG.initAndRun(RemoteTestNG.java:251)
	at org.testng.remote.RemoteTestNG.main(RemoteTestNG.java:77)
</pre></div></td>
<td>163</td>
<td>org.intuitiveapps.Kycee.Tests.ChangePasswordTest@5f9edf14</td></tr>
<tr>
<td title='org.intuitiveapps.Kycee.Tests.ChangePasswordTest.changePasswordWithEmptyOldPasswordfield()'><b>changePasswordWithEmptyOldPasswordfield</b><br>Test class: org.intuitiveapps.Kycee.Tests.ChangePasswordTest</td>
<td><div><pre>java.lang.AssertionError: expected [Please enter the valid new password.] but found [Please enter the valid old password.]
	at org.intuitiveapps.Kycee.Tests.ChangePasswordTest.changePasswordWithEmptyOldPasswordfield(ChangePasswordTest.java:43)
	at java.base/java.util.ArrayList.forEach(ArrayList.java:1511)
... Removed 33 stack frames</pre></div><a href='#' onClick='toggleBox("stack-trace397416108", this, "Click to show all stack frames", "Click to hide stack frames")'>Click to show all stack frames</a>
<div class='stack-trace' id='stack-trace397416108'><pre>java.lang.AssertionError: expected [Please enter the valid new password.] but found [Please enter the valid old password.]
	at org.testng.Assert.fail(Assert.java:111)
	at org.testng.Assert.failNotEquals(Assert.java:1578)
	at org.testng.Assert.assertEqualsImpl(Assert.java:150)
	at org.testng.Assert.assertEquals(Assert.java:132)
	at org.testng.Assert.assertEquals(Assert.java:656)
	at org.testng.Assert.assertEquals(Assert.java:666)
	at org.intuitiveapps.Kycee.Tests.ChangePasswordTest.changePasswordWithEmptyOldPasswordfield(ChangePasswordTest.java:43)
	at java.base/jdk.internal.reflect.NativeMethodAccessorImpl.invoke0(Native Method)
	at java.base/jdk.internal.reflect.NativeMethodAccessorImpl.invoke(NativeMethodAccessorImpl.java:77)
	at java.base/jdk.internal.reflect.DelegatingMethodAccessorImpl.invoke(DelegatingMethodAccessorImpl.java:43)
	at java.base/java.lang.reflect.Method.invoke(Method.java:568)
	at org.testng.internal.invokers.MethodInvocationHelper.invokeMethod(MethodInvocationHelper.java:139)
	at org.testng.internal.invokers.TestInvoker.invokeMethod(TestInvoker.java:664)
	at org.testng.internal.invokers.TestInvoker.invokeTestMethod(TestInvoker.java:228)
	at org.testng.internal.invokers.MethodRunner.runInSequence(MethodRunner.java:63)
	at org.testng.internal.invokers.TestInvoker$MethodInvocationAgent.invoke(TestInvoker.java:961)
	at org.testng.internal.invokers.TestInvoker.invokeTestMethods(TestInvoker.java:201)
	at org.testng.internal.invokers.TestMethodWorker.invokeTestMethods(TestMethodWorker.java:148)
	at org.testng.internal.invokers.TestMethodWorker.run(TestMethodWorker.java:128)
	at java.base/java.util.ArrayList.forEach(ArrayList.java:1511)
	at org.testng.TestRunner.privateRun(TestRunner.java:819)
	at org.testng.TestRunner.run(TestRunner.java:619)
	at org.testng.SuiteRunner.runTest(SuiteRunner.java:443)
	at org.testng.SuiteRunner.runSequentially(SuiteRunner.java:437)
	at org.testng.SuiteRunner.privateRun(SuiteRunner.java:397)
	at org.testng.SuiteRunner.run(SuiteRunner.java:336)
	at org.testng.SuiteRunnerWorker.runSuite(SuiteRunnerWorker.java:52)
	at org.testng.SuiteRunnerWorker.run(SuiteRunnerWorker.java:95)
	at org.testng.TestNG.runSuitesSequentially(TestNG.java:1301)
	at org.testng.TestNG.runSuitesLocally(TestNG.java:1228)
	at org.testng.TestNG.runSuites(TestNG.java:1134)
	at org.testng.TestNG.run(TestNG.java:1101)
	at org.testng.remote.AbstractRemoteTestNG.run(AbstractRemoteTestNG.java:115)
	at org.testng.remote.RemoteTestNG.initAndRun(RemoteTestNG.java:251)
	at org.testng.remote.RemoteTestNG.main(RemoteTestNG.java:77)
</pre></div></td>
<td>61</td>
<td>org.intuitiveapps.Kycee.Tests.ChangePasswordTest@5f9edf14</td></tr>
</table><p>
<table width='100%' border='1' class='invocation-passed'>
<tr><td colspan='4' align='center'><b>PASSED TESTS</b></td></tr>
<tr><td><b>Test method</b></td>
<td><b>Attribute(s)</b></td>
<td width="30%"><b>Exception</b></td>
<td width="10%"><b>Time (seconds)</b></td>
<td><b>Instance</b></td>
</tr>
<tr>
<td title='org.intuitiveapps.Kycee.Tests.ChangePasswordTest.successfullyChangingPassword()'><b>successfullyChangingPassword</b><br>Test class: org.intuitiveapps.Kycee.Tests.ChangePasswordTest</td>
<td></td>
<td>63</td>
<td>org.intuitiveapps.Kycee.Tests.ChangePasswordTest@5f9edf14</td></tr>
<tr>
<td title='org.intuitiveapps.Kycee.Tests.ChangePasswordTest.changePasswordWithMismatchedPasswordAndConfirmPassword()'><b>changePasswordWithMismatchedPasswordAndConfirmPassword</b><br>Test class: org.intuitiveapps.Kycee.Tests.ChangePasswordTest</td>
<td></td>
<td>61</td>
<td>org.intuitiveapps.Kycee.Tests.ChangePasswordTest@5f9edf14</td></tr>
<tr>
<td title='org.intuitiveapps.Kycee.Tests.ChangePasswordTest.LoginWithOldPaswordTest()'><b>LoginWithOldPaswordTest</b><br>Test class: org.intuitiveapps.Kycee.Tests.ChangePasswordTest</td>
<td></td>
<td>2</td>
<td>org.intuitiveapps.Kycee.Tests.ChangePasswordTest@5f9edf14</td></tr>
<tr>
<td title='org.intuitiveapps.Kycee.Tests.ChangePasswordTest.ChangingPasswordWithinFiveMinutes()'><b>ChangingPasswordWithinFiveMinutes</b><br>Test class: org.intuitiveapps.Kycee.Tests.ChangePasswordTest</td>
<td></td>
<td>62</td>
<td>org.intuitiveapps.Kycee.Tests.ChangePasswordTest@5f9edf14</td></tr>
<tr>
<td title='org.intuitiveapps.Kycee.Tests.ChangePasswordTest.changePasswordWithEmptyConfirmNewPasswordfield()'><b>changePasswordWithEmptyConfirmNewPasswordfield</b><br>Test class: org.intuitiveapps.Kycee.Tests.ChangePasswordTest</td>
<td></td>
<td>61</td>
<td>org.intuitiveapps.Kycee.Tests.ChangePasswordTest@5f9edf14</td></tr>
<tr>
<td title='org.intuitiveapps.Kycee.Tests.ChangePasswordTest.changingPasswordWithInvalidOldPassword()'><b>changingPasswordWithInvalidOldPassword</b><br>Test class: org.intuitiveapps.Kycee.Tests.ChangePasswordTest</td>
<td></td>
<td>63</td>
<td>org.intuitiveapps.Kycee.Tests.ChangePasswordTest@5f9edf14</td></tr>
<tr>
<td title='org.intuitiveapps.Kycee.Tests.ChangePasswordTest.changePasswordWithEmptyNewPasswordField()'><b>changePasswordWithEmptyNewPasswordField</b><br>Test class: org.intuitiveapps.Kycee.Tests.ChangePasswordTest</td>
<td></td>
<td>63</td>
<td>org.intuitiveapps.Kycee.Tests.ChangePasswordTest@5f9edf14</td></tr>
</table><p>
<table width='100%' border='1' class='invocation-skipped'>
<tr><td colspan='4' align='center'><b>SKIPPED TESTS</b></td></tr>
<tr><td><b>Test method</b></td>
<td><b>Attribute(s)</b></td>
<td width="30%"><b>Exception</b></td>
<td width="10%"><b>Time (seconds)</b></td>
<td><b>Instance</b></td>
</tr>
<tr>
<td title='org.intuitiveapps.Kycee.Tests.ChangePasswordTest.changePasswordUsingLastThreePassword()'><b>changePasswordUsingLastThreePassword</b><br>Test class: org.intuitiveapps.Kycee.Tests.ChangePasswordTest</td>
<td><div><pre>java.lang.Throwable: Method org.intuitiveapps.Kycee.Tests.ChangePasswordTest.changePasswordUsingLastThreePassword() on instance org.intuitiveapps.Kycee.Tests.ChangePasswordTest@5f9edf14 depends on not successfully finished methods 
[org.intuitiveapps.Kycee.Tests.ChangePasswordTest.successfullyChangingPassword() on instance org.intuitiveapps.Kycee.Tests.ChangePasswordTest@5f9edf14
org.intuitiveapps.Kycee.Tests.ChangePasswordTest.successfullyChangingPasswordAfterFifteenMinutes() on instance org.intuitiveapps.Kycee.Tests.ChangePasswordTest@5f9edf14]
	at java.base/java.util.ArrayList.forEach(ArrayList.java:1511)
... Removed 18 stack frames</pre></div><a href='#' onClick='toggleBox("stack-trace1967710715", this, "Click to show all stack frames", "Click to hide stack frames")'>Click to show all stack frames</a>
<div class='stack-trace' id='stack-trace1967710715'><pre>java.lang.Throwable: Method org.intuitiveapps.Kycee.Tests.ChangePasswordTest.changePasswordUsingLastThreePassword() on instance org.intuitiveapps.Kycee.Tests.ChangePasswordTest@5f9edf14 depends on not successfully finished methods 
[org.intuitiveapps.Kycee.Tests.ChangePasswordTest.successfullyChangingPassword() on instance org.intuitiveapps.Kycee.Tests.ChangePasswordTest@5f9edf14
org.intuitiveapps.Kycee.Tests.ChangePasswordTest.successfullyChangingPasswordAfterFifteenMinutes() on instance org.intuitiveapps.Kycee.Tests.ChangePasswordTest@5f9edf14]
	at org.testng.internal.invokers.TestInvoker.invokeTestMethods(TestInvoker.java:157)
	at org.testng.internal.invokers.TestMethodWorker.invokeTestMethods(TestMethodWorker.java:148)
	at org.testng.internal.invokers.TestMethodWorker.run(TestMethodWorker.java:128)
	at java.base/java.util.ArrayList.forEach(ArrayList.java:1511)
	at org.testng.TestRunner.privateRun(TestRunner.java:819)
	at org.testng.TestRunner.run(TestRunner.java:619)
	at org.testng.SuiteRunner.runTest(SuiteRunner.java:443)
	at org.testng.SuiteRunner.runSequentially(SuiteRunner.java:437)
	at org.testng.SuiteRunner.privateRun(SuiteRunner.java:397)
	at org.testng.SuiteRunner.run(SuiteRunner.java:336)
	at org.testng.SuiteRunnerWorker.runSuite(SuiteRunnerWorker.java:52)
	at org.testng.SuiteRunnerWorker.run(SuiteRunnerWorker.java:95)
	at org.testng.TestNG.runSuitesSequentially(TestNG.java:1301)
	at org.testng.TestNG.runSuitesLocally(TestNG.java:1228)
	at org.testng.TestNG.runSuites(TestNG.java:1134)
	at org.testng.TestNG.run(TestNG.java:1101)
	at org.testng.remote.AbstractRemoteTestNG.run(AbstractRemoteTestNG.java:115)
	at org.testng.remote.RemoteTestNG.initAndRun(RemoteTestNG.java:251)
	at org.testng.remote.RemoteTestNG.main(RemoteTestNG.java:77)
</pre></div></td>
<td>0</td>
<td>org.intuitiveapps.Kycee.Tests.ChangePasswordTest@5f9edf14</td></tr>
<tr>
<td title='org.intuitiveapps.Kycee.Tests.ChangePasswordTest.changePasswordThreeTimesWithinTwentyFourHours()'><b>changePasswordThreeTimesWithinTwentyFourHours</b><br>Test class: org.intuitiveapps.Kycee.Tests.ChangePasswordTest</td>
<td><div><pre>java.lang.Throwable: Method org.intuitiveapps.Kycee.Tests.ChangePasswordTest.changePasswordThreeTimesWithinTwentyFourHours() on instance org.intuitiveapps.Kycee.Tests.ChangePasswordTest@5f9edf14 depends on not successfully finished methods 
[org.intuitiveapps.Kycee.Tests.ChangePasswordTest.changePasswordUsingLastThreePassword() on instance org.intuitiveapps.Kycee.Tests.ChangePasswordTest@5f9edf14
org.intuitiveapps.Kycee.Tests.ChangePasswordTest.successfullyChangingPassword() on instance org.intuitiveapps.Kycee.Tests.ChangePasswordTest@5f9edf14
org.intuitiveapps.Kycee.Tests.ChangePasswordTest.successfullyChangingPasswordAfterFifteenMinutes() on instance org.intuitiveapps.Kycee.Tests.ChangePasswordTest@5f9edf14]
	at java.base/java.util.ArrayList.forEach(ArrayList.java:1511)
... Removed 18 stack frames</pre></div><a href='#' onClick='toggleBox("stack-trace10044740", this, "Click to show all stack frames", "Click to hide stack frames")'>Click to show all stack frames</a>
<div class='stack-trace' id='stack-trace10044740'><pre>java.lang.Throwable: Method org.intuitiveapps.Kycee.Tests.ChangePasswordTest.changePasswordThreeTimesWithinTwentyFourHours() on instance org.intuitiveapps.Kycee.Tests.ChangePasswordTest@5f9edf14 depends on not successfully finished methods 
[org.intuitiveapps.Kycee.Tests.ChangePasswordTest.changePasswordUsingLastThreePassword() on instance org.intuitiveapps.Kycee.Tests.ChangePasswordTest@5f9edf14
org.intuitiveapps.Kycee.Tests.ChangePasswordTest.successfullyChangingPassword() on instance org.intuitiveapps.Kycee.Tests.ChangePasswordTest@5f9edf14
org.intuitiveapps.Kycee.Tests.ChangePasswordTest.successfullyChangingPasswordAfterFifteenMinutes() on instance org.intuitiveapps.Kycee.Tests.ChangePasswordTest@5f9edf14]
	at org.testng.internal.invokers.TestInvoker.invokeTestMethods(TestInvoker.java:157)
	at org.testng.internal.invokers.TestMethodWorker.invokeTestMethods(TestMethodWorker.java:148)
	at org.testng.internal.invokers.TestMethodWorker.run(TestMethodWorker.java:128)
	at java.base/java.util.ArrayList.forEach(ArrayList.java:1511)
	at org.testng.TestRunner.privateRun(TestRunner.java:819)
	at org.testng.TestRunner.run(TestRunner.java:619)
	at org.testng.SuiteRunner.runTest(SuiteRunner.java:443)
	at org.testng.SuiteRunner.runSequentially(SuiteRunner.java:437)
	at org.testng.SuiteRunner.privateRun(SuiteRunner.java:397)
	at org.testng.SuiteRunner.run(SuiteRunner.java:336)
	at org.testng.SuiteRunnerWorker.runSuite(SuiteRunnerWorker.java:52)
	at org.testng.SuiteRunnerWorker.run(SuiteRunnerWorker.java:95)
	at org.testng.TestNG.runSuitesSequentially(TestNG.java:1301)
	at org.testng.TestNG.runSuitesLocally(TestNG.java:1228)
	at org.testng.TestNG.runSuites(TestNG.java:1134)
	at org.testng.TestNG.run(TestNG.java:1101)
	at org.testng.remote.AbstractRemoteTestNG.run(AbstractRemoteTestNG.java:115)
	at org.testng.remote.RemoteTestNG.initAndRun(RemoteTestNG.java:251)
	at org.testng.remote.RemoteTestNG.main(RemoteTestNG.java:77)
</pre></div></td>
<td>0</td>
<td>org.intuitiveapps.Kycee.Tests.ChangePasswordTest@5f9edf14</td></tr>
</table><p>
</body>
</html>