<?xml version="1.0" encoding="UTF-8"?>
<!-- Generated by org.testng.reporters.JUnitXMLReporter -->
<testsuite ignored="2" hostname="Pradeepkulal-PC" failures="5" tests="11" name="Sign Up Test" time="139.63" errors="0" timestamp="2024-08-18T17:36:02 IST">
  <testcase classname="org.intuitiveapps.Kycee.Tests.SignUpPageTest" name="SignUpAsBusiessAdminWithoutCIN" time="3.275">
    <failure type="java.lang.AssertionError" message="expected [New account created.] but found [Email address is already in use by another user. Please enter a different email address.]">
      <![CDATA[java.lang.AssertionError: expected [New account created.] but found [Email address is already in use by another user. Please enter a different email address.]
at org.intuitiveapps.Kycee.Tests.SignUpPageTest.SignUpAsBusiessAdminWithoutCIN(SignUpPageTest.java:94)
at java.base/java.util.ArrayList.forEach(ArrayList.java:1511)
at java.base/java.util.concurrent.FutureTask.run(FutureTask.java:264)
at java.base/java.util.concurrent.ThreadPoolExecutor.runWorker(ThreadPoolExecutor.java:1136)
at java.base/java.util.concurrent.ThreadPoolExecutor$Worker.run(ThreadPoolExecutor.java:635)
at java.base/java.lang.Thread.run(Thread.java:842)
... Removed 23 stack frames]]>
    </failure>
  </testcase> <!-- SignUpAsBusiessAdminWithoutCIN -->
  <testcase classname="org.intuitiveapps.Kycee.Tests.SignUpPageTest" name="SignUpAsBusiessAdminWithoutCompanyName" time="1.46"/>
  <testcase classname="org.intuitiveapps.Kycee.Tests.SignUpPageTest" name="SignUpAsBusiessAdminWithoutGSTIN" time="2.961">
    <failure type="java.lang.AssertionError" message="expected [New account created.] but found [Email address is already in use by another user. Please enter a different email address.]">
      <![CDATA[java.lang.AssertionError: expected [New account created.] but found [Email address is already in use by another user. Please enter a different email address.]
at org.intuitiveapps.Kycee.Tests.SignUpPageTest.SignUpAsBusiessAdminWithoutGSTIN(SignUpPageTest.java:102)
at java.base/java.util.ArrayList.forEach(ArrayList.java:1511)
at java.base/java.util.concurrent.FutureTask.run(FutureTask.java:264)
at java.base/java.util.concurrent.ThreadPoolExecutor.runWorker(ThreadPoolExecutor.java:1136)
at java.base/java.util.concurrent.ThreadPoolExecutor$Worker.run(ThreadPoolExecutor.java:635)
at java.base/java.lang.Thread.run(Thread.java:842)
... Removed 23 stack frames]]>
    </failure>
  </testcase> <!-- SignUpAsBusiessAdminWithoutGSTIN -->
  <testcase classname="org.intuitiveapps.Kycee.Tests.SignUpPageTest" name="SignUpWithInvalidEmail1" time="1.103">
    <failure type="java.lang.AssertionError" message="expected [Kindly enter a valid email address.] but found [The email address provided is not valid.]">
      <![CDATA[java.lang.AssertionError: expected [Kindly enter a valid email address.] but found [The email address provided is not valid.]
at org.intuitiveapps.Kycee.Tests.SignUpPageTest.SignUpWithInvalidEmail1(SignUpPageTest.java:50)
at java.base/java.util.ArrayList.forEach(ArrayList.java:1511)
at java.base/java.util.concurrent.FutureTask.run(FutureTask.java:264)
at java.base/java.util.concurrent.ThreadPoolExecutor.runWorker(ThreadPoolExecutor.java:1136)
at java.base/java.util.concurrent.ThreadPoolExecutor$Worker.run(ThreadPoolExecutor.java:635)
at java.base/java.lang.Thread.run(Thread.java:842)
... Removed 23 stack frames]]>
    </failure>
  </testcase> <!-- SignUpWithInvalidEmail1 -->
  <testcase classname="org.intuitiveapps.Kycee.Tests.SignUpPageTest" name="SignUpWithInvalidEmail12" time="1.18">
    <failure type="java.lang.AssertionError" message="expected [Kindly enter a valid email address.] but found [The email address provided is not valid.]">
      <![CDATA[java.lang.AssertionError: expected [Kindly enter a valid email address.] but found [The email address provided is not valid.]
at org.intuitiveapps.Kycee.Tests.SignUpPageTest.SignUpWithInvalidEmail12(SignUpPageTest.java:57)
at java.base/java.util.ArrayList.forEach(ArrayList.java:1511)
at java.base/java.util.concurrent.FutureTask.run(FutureTask.java:264)
at java.base/java.util.concurrent.ThreadPoolExecutor.runWorker(ThreadPoolExecutor.java:1136)
at java.base/java.util.concurrent.ThreadPoolExecutor$Worker.run(ThreadPoolExecutor.java:635)
at java.base/java.lang.Thread.run(Thread.java:842)
... Removed 23 stack frames]]>
    </failure>
  </testcase> <!-- SignUpWithInvalidEmail12 -->
  <testcase classname="org.intuitiveapps.Kycee.Tests.SignUpPageTest" name="SignUpWithPhoneNumberLessThenTenDigits" time="1.1">
    <failure type="java.lang.AssertionError" message="expected [Please enter a valid phone number.] but found [Phone number is not valid]">
      <![CDATA[java.lang.AssertionError: expected [Please enter a valid phone number.] but found [Phone number is not valid]
at org.intuitiveapps.Kycee.Tests.SignUpPageTest.SignUpWithPhoneNumberLessThenTenDigits(SignUpPageTest.java:64)
at java.base/java.util.ArrayList.forEach(ArrayList.java:1511)
at java.base/java.util.concurrent.FutureTask.run(FutureTask.java:264)
at java.base/java.util.concurrent.ThreadPoolExecutor.runWorker(ThreadPoolExecutor.java:1136)
at java.base/java.util.concurrent.ThreadPoolExecutor$Worker.run(ThreadPoolExecutor.java:635)
at java.base/java.lang.Thread.run(Thread.java:842)
... Removed 23 stack frames]]>
    </failure>
  </testcase> <!-- SignUpWithPhoneNumberLessThenTenDigits -->
  <testcase classname="org.intuitiveapps.Kycee.Tests.SignUpPageTest" name="SignUpWithoutConfirmPassword" time="1.121"/>
  <testcase classname="org.intuitiveapps.Kycee.Tests.SignUpPageTest" name="SignUpWithoutEmail" time="1.106"/>
  <testcase classname="org.intuitiveapps.Kycee.Tests.SignUpPageTest" name="SignUpWithoutFirstName" time="1.096"/>
  <testcase classname="org.intuitiveapps.Kycee.Tests.SignUpPageTest" name="SignUpWithoutLastName" time="1.128"/>
  <testcase classname="org.intuitiveapps.Kycee.Tests.SignUpPageTest" name="SignUpWithoutPassword" time="1.139"/>
  <testcase classname="org.intuitiveapps.Kycee.Tests.SignUpPageTest" name="SignUpAsBusiessAdminWithValidData" time="0.0">
    <ignored/>
  </testcase> <!-- SignUpAsBusiessAdminWithValidData -->
  <testcase classname="org.intuitiveapps.Kycee.Tests.SignUpPageTest" name="SignUpAsCustumerWithValidData" time="0.0">
    <ignored/>
  </testcase> <!-- SignUpAsCustumerWithValidData -->
</testsuite> <!-- Sign Up Test -->
