<?xml version="1.0" encoding="UTF-8"?>
<!-- Generated by org.testng.reporters.JUnitReportReporter -->
<testsuite hostname="Pradeepkulal-PC" failures="1" tests="5" name="org.intuitiveapps.Kycee.Tests.SignUpPageTest" time="117.102" errors="0" timestamp="2024-08-20T16:25:03 IST" skipped="1">
  <testcase classname="org.intuitiveapps.Kycee.Tests.SignUpPageTest" name="validateErrorMessageInSignUpPage" time="56.025"/>
  <testcase classname="org.intuitiveapps.Kycee.Tests.SignUpPageTest" name="SignUpAsCustumerWithValidData" time="19.689"/>
  <testcase classname="org.intuitiveapps.Kycee.Tests.SignUpPageTest" name="SignUpAsBusiessAdminWithValidData" time="27.658"/>
  <testcase classname="org.intuitiveapps.Kycee.Tests.SignUpPageTest" name="SignUpAsBusiessAdminWithoutCIN" time="13.730">
    <failure message="expected [New account created.] but found [[[ChromeDriver: chrome on windows (e9e8fd787df54ab9424e19cbb1a5e66a)] -&gt; xpath: //div[contains(@class,&#039;Toastify__toast &#039;)]]]" type="java.lang.AssertionError">
      <![CDATA[java.lang.AssertionError: expected [New account created.] but found [[[ChromeDriver: chrome on windows (e9e8fd787df54ab9424e19cbb1a5e66a)] -> xpath: //div[contains(@class,'Toastify__toast ')]]]
at org.testng.Assert.fail(Assert.java:111)
at org.testng.Assert.failNotEquals(Assert.java:1578)
at org.testng.Assert.assertEqualsImpl(Assert.java:150)
at org.testng.Assert.assertEquals(Assert.java:132)
at org.testng.Assert.assertEquals(Assert.java:644)
at org.intuitiveapps.Kycee.Tests.SignUpPageTest.SignUpAsBusiessAdminWithoutCIN(SignUpPageTest.java:78)
at java.base/jdk.internal.reflect.NativeMethodAccessorImpl.invoke0(Native Method)
at java.base/jdk.internal.reflect.NativeMethodAccessorImpl.invoke(NativeMethodAccessorImpl.java:77)
at java.base/jdk.internal.reflect.DelegatingMethodAccessorImpl.invoke(DelegatingMethodAccessorImpl.java:43)
at java.base/java.lang.reflect.Method.invoke(Method.java:568)
at org.testng.internal.invokers.MethodInvocationHelper.invokeMethod(MethodInvocationHelper.java:139)
at org.testng.internal.invokers.TestInvoker.invokeMethod(TestInvoker.java:664)
at org.testng.internal.invokers.TestInvoker.invokeTestMethod(TestInvoker.java:228)
at org.testng.internal.invokers.MethodRunner.runInSequence(MethodRunner.java:63)
at org.testng.internal.invokers.TestInvoker$MethodInvocationAgent.invoke(TestInvoker.java:961)
at org.testng.internal.invokers.TestInvoker.invokeTestMethods(TestInvoker.java:201)
at org.testng.internal.invokers.TestMethodWorker.invokeTestMethods(TestMethodWorker.java:148)
at org.testng.internal.invokers.TestMethodWorker.run(TestMethodWorker.java:128)
at java.base/java.util.ArrayList.forEach(ArrayList.java:1511)
at org.testng.TestRunner.privateRun(TestRunner.java:819)
at org.testng.TestRunner.run(TestRunner.java:619)
at org.testng.SuiteRunner.runTest(SuiteRunner.java:443)
at org.testng.SuiteRunner$SuiteWorker.run(SuiteRunner.java:481)
at org.testng.internal.thread.ThreadUtil.lambda$execute$0(ThreadUtil.java:58)
at java.base/java.util.concurrent.FutureTask.run(FutureTask.java:264)
at java.base/java.util.concurrent.ThreadPoolExecutor.runWorker(ThreadPoolExecutor.java:1136)
at java.base/java.util.concurrent.ThreadPoolExecutor$Worker.run(ThreadPoolExecutor.java:635)
at java.base/java.lang.Thread.run(Thread.java:842)
]]>
    </failure>
  </testcase> <!-- SignUpAsBusiessAdminWithoutCIN -->
  <testcase classname="org.intuitiveapps.Kycee.Tests.SignUpPageTest" name="SignUpAsBusiessAdminWithoutGSTIN">
    <skipped/>
  </testcase> <!-- SignUpAsBusiessAdminWithoutGSTIN -->
</testsuite> <!-- org.intuitiveapps.Kycee.Tests.SignUpPageTest -->
